<?xml version="1.0" encoding="UTF-8"?>
<!-- Generated by org.testng.reporters.JUnitXMLReporter -->
<testsuite hostname="LAPTOP-NVQGF7OR" ignored="0" name="Default test" tests="4" failures="0" timestamp="2021-08-15T20:33:02 IST" time="114.902" errors="0">
  <testcase name="setUp" time="12.421" classname="AppiumTest.com.appium.Dictionary.dictionaryAuto"/>
  <testcase name="appInteractions" time="3.753" classname="AppiumTest.com.appium.Dictionary.dictionaryAuto"/>
  <testcase name="scrollPage" time="44.427" classname="AppiumTest.com.appium.Dictionary.dictionaryAuto"/>
  <testcase name="runningInBackground" time="6.085" classname="AppiumTest.com.appium.Dictionary.dictionaryAuto"/>
</testsuite> <!-- Default test -->
